[24-12-2022 18:29:17] INFO autoreload 140110554421056 - Watching for file changes with StatReloader
[24-12-2022 18:29:17] INFO autoreload 140110554421056 - Watching for file changes with StatReloader
[24-12-2022 18:29:48] INFO autoreload 140110554421056 - /home/wisdom/Desktop/tm30/EmailServiceForBank/hopeps_bank_email_backend/i_gree/views.py changed, reloading.
[24-12-2022 18:29:48] INFO autoreload 140110554421056 - /home/wisdom/Desktop/tm30/EmailServiceForBank/hopeps_bank_email_backend/i_gree/views.py changed, reloading.
[24-12-2022 18:29:49] INFO autoreload 140256557057856 - Watching for file changes with StatReloader
[24-12-2022 18:29:49] INFO autoreload 140256557057856 - Watching for file changes with StatReloader
[24-12-2022 18:30:02] INFO autoreload 140256557057856 - /home/wisdom/Desktop/tm30/EmailServiceForBank/hopeps_bank_email_backend/i_gree/views.py changed, reloading.
[24-12-2022 18:30:02] INFO autoreload 140256557057856 - /home/wisdom/Desktop/tm30/EmailServiceForBank/hopeps_bank_email_backend/i_gree/views.py changed, reloading.
[24-12-2022 18:30:03] INFO autoreload 139654865372992 - Watching for file changes with StatReloader
[24-12-2022 18:30:03] INFO autoreload 139654865372992 - Watching for file changes with StatReloader
[25-12-2022 14:12:28] INFO autoreload 140320295442240 - Watching for file changes with StatReloader
[25-12-2022 14:12:28] INFO autoreload 140320295442240 - Watching for file changes with StatReloader
[25-12-2022 14:13:39] INFO autoreload 140186048472896 - Watching for file changes with StatReloader
[25-12-2022 14:13:39] INFO autoreload 140186048472896 - Watching for file changes with StatReloader
[25-12-2022 14:14:41] INFO autoreload 140066320893760 - Watching for file changes with StatReloader
[25-12-2022 14:14:41] INFO autoreload 140066320893760 - Watching for file changes with StatReloader
[25-12-2022 14:15:22] INFO autoreload 140066320893760 - /home/wisdom/Desktop/tm30/EmailServiceForBank/hopeps_bank_email_backend/hopeps_bank_email_backend/settings.py changed, reloading.
[25-12-2022 14:15:22] INFO autoreload 140066320893760 - /home/wisdom/Desktop/tm30/EmailServiceForBank/hopeps_bank_email_backend/hopeps_bank_email_backend/settings.py changed, reloading.
[25-12-2022 14:15:23] INFO autoreload 140540608378688 - Watching for file changes with StatReloader
[25-12-2022 14:15:23] INFO autoreload 140540608378688 - Watching for file changes with StatReloader
[25-12-2022 14:15:34] INFO autoreload 140540608378688 - /home/wisdom/Desktop/tm30/EmailServiceForBank/hopeps_bank_email_backend/hopeps_bank_email_backend/settings.py changed, reloading.
[25-12-2022 14:15:34] INFO autoreload 140540608378688 - /home/wisdom/Desktop/tm30/EmailServiceForBank/hopeps_bank_email_backend/hopeps_bank_email_backend/settings.py changed, reloading.
[25-12-2022 14:15:34] INFO autoreload 140067656197952 - Watching for file changes with StatReloader
[25-12-2022 14:15:34] INFO autoreload 140067656197952 - Watching for file changes with StatReloader
[25-12-2022 20:05:49] INFO autoreload 140630390073152 - Watching for file changes with StatReloader
[25-12-2022 20:05:49] INFO autoreload 140630390073152 - Watching for file changes with StatReloader
[25-12-2022 20:11:25] INFO autoreload 140630390073152 - /home/wisdom/Desktop/tm30/EmailServiceForBank/hopeps_bank_email_backend/hopeps_bank_email_backend/settings.py changed, reloading.
[25-12-2022 20:11:25] INFO autoreload 140630390073152 - /home/wisdom/Desktop/tm30/EmailServiceForBank/hopeps_bank_email_backend/hopeps_bank_email_backend/settings.py changed, reloading.
[25-12-2022 20:11:26] INFO autoreload 140018402387776 - Watching for file changes with StatReloader
[25-12-2022 20:11:26] INFO autoreload 140018402387776 - Watching for file changes with StatReloader
[25-12-2022 20:12:00] INFO autoreload 140482042955584 - Watching for file changes with StatReloader
[25-12-2022 20:12:00] INFO autoreload 140482042955584 - Watching for file changes with StatReloader
[26-12-2022 19:58:26] INFO autoreload 139842124437312 - Watching for file changes with StatReloader
[26-12-2022 19:58:26] INFO autoreload 139842124437312 - Watching for file changes with StatReloader
[26-12-2022 19:59:25] INFO autoreload 139842124437312 - /home/wisdom/Desktop/tm30/EmailServiceForBank/hopeps_bank_email_backend/i_gree/views.py changed, reloading.
[26-12-2022 19:59:25] INFO autoreload 139842124437312 - /home/wisdom/Desktop/tm30/EmailServiceForBank/hopeps_bank_email_backend/i_gree/views.py changed, reloading.
[26-12-2022 19:59:25] INFO autoreload 139865428092736 - Watching for file changes with StatReloader
[26-12-2022 19:59:25] INFO autoreload 139865428092736 - Watching for file changes with StatReloader
[26-12-2022 20:58:51] INFO autoreload 139865428092736 - /home/wisdom/Desktop/tm30/EmailServiceForBank/hopeps_bank_email_backend/i_gree/views.py changed, reloading.
[26-12-2022 20:58:51] INFO autoreload 139865428092736 - /home/wisdom/Desktop/tm30/EmailServiceForBank/hopeps_bank_email_backend/i_gree/views.py changed, reloading.
[26-12-2022 20:58:52] INFO autoreload 140603048400704 - Watching for file changes with StatReloader
[26-12-2022 20:58:52] INFO autoreload 140603048400704 - Watching for file changes with StatReloader
[26-12-2022 21:00:50] INFO autoreload 140603048400704 - /home/wisdom/Desktop/tm30/EmailServiceForBank/hopeps_bank_email_backend/i_gree/views.py changed, reloading.
[26-12-2022 21:00:50] INFO autoreload 140603048400704 - /home/wisdom/Desktop/tm30/EmailServiceForBank/hopeps_bank_email_backend/i_gree/views.py changed, reloading.
[26-12-2022 21:00:51] INFO autoreload 140084894709568 - Watching for file changes with StatReloader
[26-12-2022 21:00:51] INFO autoreload 140084894709568 - Watching for file changes with StatReloader
[26-12-2022 21:02:03] INFO autoreload 140084894709568 - /home/wisdom/Desktop/tm30/EmailServiceForBank/hopeps_bank_email_backend/i_gree/views.py changed, reloading.
[26-12-2022 21:02:03] INFO autoreload 140084894709568 - /home/wisdom/Desktop/tm30/EmailServiceForBank/hopeps_bank_email_backend/i_gree/views.py changed, reloading.
[26-12-2022 21:02:05] INFO autoreload 140445895268160 - Watching for file changes with StatReloader
[26-12-2022 21:02:05] INFO autoreload 140445895268160 - Watching for file changes with StatReloader
[26-12-2022 21:02:21] INFO autoreload 140445895268160 - /home/wisdom/Desktop/tm30/EmailServiceForBank/hopeps_bank_email_backend/i_gree/views.py changed, reloading.
[26-12-2022 21:02:21] INFO autoreload 140445895268160 - /home/wisdom/Desktop/tm30/EmailServiceForBank/hopeps_bank_email_backend/i_gree/views.py changed, reloading.
[26-12-2022 21:02:22] INFO autoreload 139775773448000 - Watching for file changes with StatReloader
[26-12-2022 21:02:22] INFO autoreload 139775773448000 - Watching for file changes with StatReloader
[26-12-2022 21:02:47] INFO autoreload 139775773448000 - /home/wisdom/Desktop/tm30/EmailServiceForBank/hopeps_bank_email_backend/i_gree/views.py changed, reloading.
[26-12-2022 21:02:47] INFO autoreload 139775773448000 - /home/wisdom/Desktop/tm30/EmailServiceForBank/hopeps_bank_email_backend/i_gree/views.py changed, reloading.
[26-12-2022 21:02:48] INFO autoreload 139677795383104 - Watching for file changes with StatReloader
[26-12-2022 21:02:48] INFO autoreload 139677795383104 - Watching for file changes with StatReloader
[26-12-2022 21:03:03] INFO autoreload 139677795383104 - /home/wisdom/Desktop/tm30/EmailServiceForBank/hopeps_bank_email_backend/i_gree/views.py changed, reloading.
[26-12-2022 21:03:03] INFO autoreload 139677795383104 - /home/wisdom/Desktop/tm30/EmailServiceForBank/hopeps_bank_email_backend/i_gree/views.py changed, reloading.
[26-12-2022 21:03:04] INFO autoreload 139883935655744 - Watching for file changes with StatReloader
[26-12-2022 21:03:04] INFO autoreload 139883935655744 - Watching for file changes with StatReloader
[26-12-2022 21:03:15] INFO autoreload 139883935655744 - /home/wisdom/Desktop/tm30/EmailServiceForBank/hopeps_bank_email_backend/i_gree/views.py changed, reloading.
[26-12-2022 21:03:15] INFO autoreload 139883935655744 - /home/wisdom/Desktop/tm30/EmailServiceForBank/hopeps_bank_email_backend/i_gree/views.py changed, reloading.
[26-12-2022 21:03:15] INFO autoreload 140532199413568 - Watching for file changes with StatReloader
[26-12-2022 21:03:15] INFO autoreload 140532199413568 - Watching for file changes with StatReloader
[26-12-2022 21:03:25] INFO autoreload 140532199413568 - /home/wisdom/Desktop/tm30/EmailServiceForBank/hopeps_bank_email_backend/i_gree/views.py changed, reloading.
[26-12-2022 21:03:25] INFO autoreload 140532199413568 - /home/wisdom/Desktop/tm30/EmailServiceForBank/hopeps_bank_email_backend/i_gree/views.py changed, reloading.
[26-12-2022 21:03:26] INFO autoreload 140288293549888 - Watching for file changes with StatReloader
[26-12-2022 21:03:26] INFO autoreload 140288293549888 - Watching for file changes with StatReloader
[26-12-2022 21:03:34] INFO autoreload 140288293549888 - /home/wisdom/Desktop/tm30/EmailServiceForBank/hopeps_bank_email_backend/i_gree/views.py changed, reloading.
[26-12-2022 21:03:34] INFO autoreload 140288293549888 - /home/wisdom/Desktop/tm30/EmailServiceForBank/hopeps_bank_email_backend/i_gree/views.py changed, reloading.
[26-12-2022 21:03:35] INFO autoreload 140599997605696 - Watching for file changes with StatReloader
[26-12-2022 21:03:35] INFO autoreload 140599997605696 - Watching for file changes with StatReloader
[26-12-2022 21:04:02] INFO autoreload 140599997605696 - /home/wisdom/Desktop/tm30/EmailServiceForBank/hopeps_bank_email_backend/i_gree/views.py changed, reloading.
[26-12-2022 21:04:02] INFO autoreload 140599997605696 - /home/wisdom/Desktop/tm30/EmailServiceForBank/hopeps_bank_email_backend/i_gree/views.py changed, reloading.
[26-12-2022 21:04:03] INFO autoreload 140616426919744 - Watching for file changes with StatReloader
[26-12-2022 21:04:03] INFO autoreload 140616426919744 - Watching for file changes with StatReloader
[26-12-2022 21:04:36] INFO autoreload 140616426919744 - /home/wisdom/Desktop/tm30/EmailServiceForBank/hopeps_bank_email_backend/i_gree/views.py changed, reloading.
[26-12-2022 21:04:36] INFO autoreload 140616426919744 - /home/wisdom/Desktop/tm30/EmailServiceForBank/hopeps_bank_email_backend/i_gree/views.py changed, reloading.
[26-12-2022 21:04:37] INFO autoreload 139677867456320 - Watching for file changes with StatReloader
[26-12-2022 21:04:37] INFO autoreload 139677867456320 - Watching for file changes with StatReloader
[26-12-2022 21:05:18] INFO autoreload 139677867456320 - /home/wisdom/Desktop/tm30/EmailServiceForBank/hopeps_bank_email_backend/i_gree/views.py changed, reloading.
[26-12-2022 21:05:18] INFO autoreload 139677867456320 - /home/wisdom/Desktop/tm30/EmailServiceForBank/hopeps_bank_email_backend/i_gree/views.py changed, reloading.
[26-12-2022 21:05:18] INFO autoreload 139804372801344 - Watching for file changes with StatReloader
[26-12-2022 21:05:18] INFO autoreload 139804372801344 - Watching for file changes with StatReloader
[26-12-2022 21:07:36] INFO autoreload 139804372801344 - /home/wisdom/Desktop/tm30/EmailServiceForBank/hopeps_bank_email_backend/i_gree/views.py changed, reloading.
[26-12-2022 21:07:36] INFO autoreload 139804372801344 - /home/wisdom/Desktop/tm30/EmailServiceForBank/hopeps_bank_email_backend/i_gree/views.py changed, reloading.
[26-12-2022 21:07:37] INFO autoreload 140649399523136 - Watching for file changes with StatReloader
[26-12-2022 21:07:37] INFO autoreload 140649399523136 - Watching for file changes with StatReloader
[26-12-2022 21:09:25] INFO autoreload 140649399523136 - /home/wisdom/Desktop/tm30/EmailServiceForBank/hopeps_bank_email_backend/i_gree/views.py changed, reloading.
[26-12-2022 21:09:25] INFO autoreload 140649399523136 - /home/wisdom/Desktop/tm30/EmailServiceForBank/hopeps_bank_email_backend/i_gree/views.py changed, reloading.
[26-12-2022 21:09:26] INFO autoreload 140617895774016 - Watching for file changes with StatReloader
[26-12-2022 21:09:26] INFO autoreload 140617895774016 - Watching for file changes with StatReloader
[26-12-2022 21:09:37] INFO autoreload 140617895774016 - /home/wisdom/Desktop/tm30/EmailServiceForBank/hopeps_bank_email_backend/i_gree/views.py changed, reloading.
[26-12-2022 21:09:37] INFO autoreload 140617895774016 - /home/wisdom/Desktop/tm30/EmailServiceForBank/hopeps_bank_email_backend/i_gree/views.py changed, reloading.
[26-12-2022 21:09:38] INFO autoreload 140146447451968 - Watching for file changes with StatReloader
[26-12-2022 21:09:38] INFO autoreload 140146447451968 - Watching for file changes with StatReloader
[26-12-2022 21:11:27] INFO autoreload 140146447451968 - /home/wisdom/Desktop/tm30/EmailServiceForBank/hopeps_bank_email_backend/i_gree/views.py changed, reloading.
[26-12-2022 21:11:27] INFO autoreload 140146447451968 - /home/wisdom/Desktop/tm30/EmailServiceForBank/hopeps_bank_email_backend/i_gree/views.py changed, reloading.
[26-12-2022 21:11:28] INFO autoreload 140232844269376 - Watching for file changes with StatReloader
[26-12-2022 21:11:28] INFO autoreload 140232844269376 - Watching for file changes with StatReloader
[26-12-2022 21:13:37] INFO autoreload 140232844269376 - /home/wisdom/Desktop/tm30/EmailServiceForBank/hopeps_bank_email_backend/i_gree/views.py changed, reloading.
[26-12-2022 21:13:37] INFO autoreload 140232844269376 - /home/wisdom/Desktop/tm30/EmailServiceForBank/hopeps_bank_email_backend/i_gree/views.py changed, reloading.
[26-12-2022 21:13:38] INFO autoreload 140434954585920 - Watching for file changes with StatReloader
[26-12-2022 21:13:38] INFO autoreload 140434954585920 - Watching for file changes with StatReloader
[26-12-2022 21:14:00] INFO autoreload 140434954585920 - /home/wisdom/Desktop/tm30/EmailServiceForBank/hopeps_bank_email_backend/i_gree/views.py changed, reloading.
[26-12-2022 21:14:00] INFO autoreload 140434954585920 - /home/wisdom/Desktop/tm30/EmailServiceForBank/hopeps_bank_email_backend/i_gree/views.py changed, reloading.
[26-12-2022 21:14:01] INFO autoreload 140132459169600 - Watching for file changes with StatReloader
[26-12-2022 21:14:01] INFO autoreload 140132459169600 - Watching for file changes with StatReloader
[26-12-2022 21:14:30] INFO autoreload 140132459169600 - /home/wisdom/Desktop/tm30/EmailServiceForBank/hopeps_bank_email_backend/i_gree/views.py changed, reloading.
[26-12-2022 21:14:30] INFO autoreload 140132459169600 - /home/wisdom/Desktop/tm30/EmailServiceForBank/hopeps_bank_email_backend/i_gree/views.py changed, reloading.
[26-12-2022 21:14:31] INFO autoreload 139812759250752 - Watching for file changes with StatReloader
[26-12-2022 21:14:31] INFO autoreload 139812759250752 - Watching for file changes with StatReloader
[26-12-2022 21:15:00] INFO autoreload 139812759250752 - /home/wisdom/Desktop/tm30/EmailServiceForBank/hopeps_bank_email_backend/i_gree/views.py changed, reloading.
[26-12-2022 21:15:00] INFO autoreload 139812759250752 - /home/wisdom/Desktop/tm30/EmailServiceForBank/hopeps_bank_email_backend/i_gree/views.py changed, reloading.
[26-12-2022 21:15:01] INFO autoreload 140481018230592 - Watching for file changes with StatReloader
[26-12-2022 21:15:01] INFO autoreload 140481018230592 - Watching for file changes with StatReloader
[26-12-2022 21:15:06] INFO autoreload 140481018230592 - /home/wisdom/Desktop/tm30/EmailServiceForBank/hopeps_bank_email_backend/i_gree/views.py changed, reloading.
[26-12-2022 21:15:06] INFO autoreload 140481018230592 - /home/wisdom/Desktop/tm30/EmailServiceForBank/hopeps_bank_email_backend/i_gree/views.py changed, reloading.
[26-12-2022 21:15:06] INFO autoreload 140490698368832 - Watching for file changes with StatReloader
[26-12-2022 21:15:06] INFO autoreload 140490698368832 - Watching for file changes with StatReloader
[26-12-2022 21:15:15] INFO autoreload 140490698368832 - /home/wisdom/Desktop/tm30/EmailServiceForBank/hopeps_bank_email_backend/i_gree/views.py changed, reloading.
[26-12-2022 21:15:15] INFO autoreload 140490698368832 - /home/wisdom/Desktop/tm30/EmailServiceForBank/hopeps_bank_email_backend/i_gree/views.py changed, reloading.
[26-12-2022 21:15:16] INFO autoreload 139998462183232 - Watching for file changes with StatReloader
[26-12-2022 21:15:16] INFO autoreload 139998462183232 - Watching for file changes with StatReloader
[26-12-2022 21:15:18] INFO autoreload 139998462183232 - /home/wisdom/Desktop/tm30/EmailServiceForBank/hopeps_bank_email_backend/i_gree/views.py changed, reloading.
[26-12-2022 21:15:18] INFO autoreload 139998462183232 - /home/wisdom/Desktop/tm30/EmailServiceForBank/hopeps_bank_email_backend/i_gree/views.py changed, reloading.
[26-12-2022 21:15:19] INFO autoreload 140357670651712 - Watching for file changes with StatReloader
[26-12-2022 21:15:19] INFO autoreload 140357670651712 - Watching for file changes with StatReloader
[26-12-2022 21:15:25] INFO autoreload 140357670651712 - /home/wisdom/Desktop/tm30/EmailServiceForBank/hopeps_bank_email_backend/i_gree/views.py changed, reloading.
[26-12-2022 21:15:25] INFO autoreload 140357670651712 - /home/wisdom/Desktop/tm30/EmailServiceForBank/hopeps_bank_email_backend/i_gree/views.py changed, reloading.
[26-12-2022 21:15:26] INFO autoreload 140492007745344 - Watching for file changes with StatReloader
[26-12-2022 21:15:26] INFO autoreload 140492007745344 - Watching for file changes with StatReloader
[26-12-2022 21:16:22] INFO autoreload 140492007745344 - /home/wisdom/Desktop/tm30/EmailServiceForBank/hopeps_bank_email_backend/i_gree/views.py changed, reloading.
[26-12-2022 21:16:22] INFO autoreload 140492007745344 - /home/wisdom/Desktop/tm30/EmailServiceForBank/hopeps_bank_email_backend/i_gree/views.py changed, reloading.
[26-12-2022 21:16:22] INFO autoreload 139917250697024 - Watching for file changes with StatReloader
[26-12-2022 21:16:22] INFO autoreload 139917250697024 - Watching for file changes with StatReloader
[26-12-2022 21:17:01] INFO autoreload 139917250697024 - /home/wisdom/Desktop/tm30/EmailServiceForBank/hopeps_bank_email_backend/i_gree/views.py changed, reloading.
[26-12-2022 21:17:01] INFO autoreload 139917250697024 - /home/wisdom/Desktop/tm30/EmailServiceForBank/hopeps_bank_email_backend/i_gree/views.py changed, reloading.
[26-12-2022 21:17:01] INFO autoreload 139897647834944 - Watching for file changes with StatReloader
[26-12-2022 21:17:01] INFO autoreload 139897647834944 - Watching for file changes with StatReloader
[26-12-2022 21:17:30] INFO autoreload 139897647834944 - /home/wisdom/Desktop/tm30/EmailServiceForBank/hopeps_bank_email_backend/i_gree/views.py changed, reloading.
[26-12-2022 21:17:30] INFO autoreload 139897647834944 - /home/wisdom/Desktop/tm30/EmailServiceForBank/hopeps_bank_email_backend/i_gree/views.py changed, reloading.
[26-12-2022 21:17:31] INFO autoreload 140289279055680 - Watching for file changes with StatReloader
[26-12-2022 21:17:31] INFO autoreload 140289279055680 - Watching for file changes with StatReloader
[26-12-2022 21:17:36] INFO autoreload 140289279055680 - /home/wisdom/Desktop/tm30/EmailServiceForBank/hopeps_bank_email_backend/i_gree/views.py changed, reloading.
[26-12-2022 21:17:36] INFO autoreload 140289279055680 - /home/wisdom/Desktop/tm30/EmailServiceForBank/hopeps_bank_email_backend/i_gree/views.py changed, reloading.
[26-12-2022 21:17:37] INFO autoreload 139957837289280 - Watching for file changes with StatReloader
[26-12-2022 21:17:37] INFO autoreload 139957837289280 - Watching for file changes with StatReloader
[26-12-2022 21:19:56] INFO autoreload 139957837289280 - /home/wisdom/Desktop/tm30/EmailServiceForBank/hopeps_bank_email_backend/i_gree/views.py changed, reloading.
[26-12-2022 21:19:56] INFO autoreload 139957837289280 - /home/wisdom/Desktop/tm30/EmailServiceForBank/hopeps_bank_email_backend/i_gree/views.py changed, reloading.
[26-12-2022 21:19:57] INFO autoreload 140535009171264 - Watching for file changes with StatReloader
[26-12-2022 21:19:57] INFO autoreload 140535009171264 - Watching for file changes with StatReloader
[26-12-2022 21:20:32] INFO autoreload 140535009171264 - /home/wisdom/Desktop/tm30/EmailServiceForBank/hopeps_bank_email_backend/i_gree/views.py changed, reloading.
[26-12-2022 21:20:32] INFO autoreload 140535009171264 - /home/wisdom/Desktop/tm30/EmailServiceForBank/hopeps_bank_email_backend/i_gree/views.py changed, reloading.
[26-12-2022 21:20:33] INFO autoreload 140536642340672 - Watching for file changes with StatReloader
[26-12-2022 21:20:33] INFO autoreload 140536642340672 - Watching for file changes with StatReloader
[26-12-2022 21:21:28] INFO autoreload 140536642340672 - /home/wisdom/Desktop/tm30/EmailServiceForBank/hopeps_bank_email_backend/i_gree/views.py changed, reloading.
[26-12-2022 21:21:28] INFO autoreload 140536642340672 - /home/wisdom/Desktop/tm30/EmailServiceForBank/hopeps_bank_email_backend/i_gree/views.py changed, reloading.
[28-12-2022 07:28:55] INFO autoreload 140387082385216 - Watching for file changes with StatReloader
[28-12-2022 07:28:55] INFO autoreload 140387082385216 - Watching for file changes with StatReloader
[28-12-2022 07:29:02] INFO autoreload 140387082385216 - /home/wisdom/Desktop/tm30/EmailServiceForBank/hopeps_bank_email_backend/i_gree/models.py changed, reloading.
[28-12-2022 07:29:02] INFO autoreload 140387082385216 - /home/wisdom/Desktop/tm30/EmailServiceForBank/hopeps_bank_email_backend/i_gree/models.py changed, reloading.
[28-12-2022 07:29:03] INFO autoreload 140599187007296 - Watching for file changes with StatReloader
[28-12-2022 07:29:03] INFO autoreload 140599187007296 - Watching for file changes with StatReloader
[28-12-2022 07:29:23] INFO autoreload 140599187007296 - /home/wisdom/Desktop/tm30/EmailServiceForBank/hopeps_bank_email_backend/i_gree/urls.py changed, reloading.
[28-12-2022 07:29:23] INFO autoreload 140599187007296 - /home/wisdom/Desktop/tm30/EmailServiceForBank/hopeps_bank_email_backend/i_gree/urls.py changed, reloading.
[28-12-2022 07:29:24] INFO autoreload 140229762787136 - Watching for file changes with StatReloader
[28-12-2022 07:29:24] INFO autoreload 140229762787136 - Watching for file changes with StatReloader
[28-12-2022 07:29:38] INFO basehttp 140229712099072 - "GET /i-gree/ HTTP/1.1" 200 221
[28-12-2022 07:29:38] INFO basehttp 140229712099072 - "GET /i-gree/ HTTP/1.1" 200 221
[28-12-2022 07:29:38] INFO basehttp 140229712099072 - "GET /i-gree/ HTTP/1.1" 200 221
[28-12-2022 07:36:59] INFO autoreload 140229762787136 - /home/wisdom/Desktop/tm30/EmailServiceForBank/hopeps_bank_email_backend/i_gree/views.py changed, reloading.
[28-12-2022 07:36:59] INFO autoreload 140229762787136 - /home/wisdom/Desktop/tm30/EmailServiceForBank/hopeps_bank_email_backend/i_gree/views.py changed, reloading.
[28-12-2022 07:36:59] INFO autoreload 140170880030528 - Watching for file changes with StatReloader
[28-12-2022 07:36:59] INFO autoreload 140170880030528 - Watching for file changes with StatReloader
[28-12-2022 07:37:33] WARNING log 140170753996544 - Bad Request: /i-gree/
[28-12-2022 07:37:33] WARNING log 140170753996544 - Bad Request: /i-gree/
[28-12-2022 07:37:33] WARNING log 140170753996544 - Bad Request: /i-gree/
[28-12-2022 07:37:33] WARNING basehttp 140170753996544 - "GET /i-gree/ HTTP/1.1" 400 53
[28-12-2022 07:37:33] WARNING basehttp 140170753996544 - "GET /i-gree/ HTTP/1.1" 400 53
[28-12-2022 07:37:33] WARNING basehttp 140170753996544 - "GET /i-gree/ HTTP/1.1" 400 53
[28-12-2022 07:37:45] INFO autoreload 140170880030528 - /home/wisdom/Desktop/tm30/EmailServiceForBank/hopeps_bank_email_backend/i_gree/views.py changed, reloading.
[28-12-2022 07:37:45] INFO autoreload 140170880030528 - /home/wisdom/Desktop/tm30/EmailServiceForBank/hopeps_bank_email_backend/i_gree/views.py changed, reloading.
[28-12-2022 07:37:46] INFO autoreload 139926380328768 - Watching for file changes with StatReloader
[28-12-2022 07:37:46] INFO autoreload 139926380328768 - Watching for file changes with StatReloader
[28-12-2022 07:37:49] INFO basehttp 139926329640704 - "GET /i-gree/ HTTP/1.1" 200 221
[28-12-2022 07:37:49] INFO basehttp 139926329640704 - "GET /i-gree/ HTTP/1.1" 200 221
[28-12-2022 07:37:49] INFO basehttp 139926329640704 - "GET /i-gree/ HTTP/1.1" 200 221
[28-12-2022 07:44:48] INFO autoreload 139926380328768 - /home/wisdom/Desktop/tm30/EmailServiceForBank/hopeps_bank_email_backend/i_gree/views.py changed, reloading.
[28-12-2022 07:44:48] INFO autoreload 139926380328768 - /home/wisdom/Desktop/tm30/EmailServiceForBank/hopeps_bank_email_backend/i_gree/views.py changed, reloading.
[28-12-2022 07:44:49] INFO autoreload 139735967233856 - Watching for file changes with StatReloader
[28-12-2022 07:44:49] INFO autoreload 139735967233856 - Watching for file changes with StatReloader
[28-12-2022 07:45:04] INFO basehttp 139735916545792 - "GET /i-gree/ HTTP/1.1" 200 221
[28-12-2022 07:45:04] INFO basehttp 139735916545792 - "GET /i-gree/ HTTP/1.1" 200 221
[28-12-2022 07:45:04] INFO basehttp 139735916545792 - "GET /i-gree/ HTTP/1.1" 200 221
[28-12-2022 07:45:19] INFO autoreload 139735967233856 - /home/wisdom/Desktop/tm30/EmailServiceForBank/hopeps_bank_email_backend/i_gree/views.py changed, reloading.
[28-12-2022 07:45:19] INFO autoreload 139735967233856 - /home/wisdom/Desktop/tm30/EmailServiceForBank/hopeps_bank_email_backend/i_gree/views.py changed, reloading.
[28-12-2022 07:45:20] INFO autoreload 140343402223424 - Watching for file changes with StatReloader
[28-12-2022 07:45:20] INFO autoreload 140343402223424 - Watching for file changes with StatReloader
[28-12-2022 07:45:25] INFO basehttp 140343284332288 - "GET /i-gree/ HTTP/1.1" 200 221
[28-12-2022 07:45:25] INFO basehttp 140343284332288 - "GET /i-gree/ HTTP/1.1" 200 221
[28-12-2022 07:45:25] INFO basehttp 140343284332288 - "GET /i-gree/ HTTP/1.1" 200 221
[28-12-2022 07:47:04] INFO autoreload 140343402223424 - /home/wisdom/Desktop/tm30/EmailServiceForBank/hopeps_bank_email_backend/i_gree/views.py changed, reloading.
[28-12-2022 07:47:04] INFO autoreload 140343402223424 - /home/wisdom/Desktop/tm30/EmailServiceForBank/hopeps_bank_email_backend/i_gree/views.py changed, reloading.
[28-12-2022 07:47:04] INFO autoreload 140282250553152 - Watching for file changes with StatReloader
[28-12-2022 07:47:04] INFO autoreload 140282250553152 - Watching for file changes with StatReloader
[28-12-2022 07:47:07] INFO basehttp 140282199865088 - "GET /i-gree/ HTTP/1.1" 200 221
[28-12-2022 07:47:07] INFO basehttp 140282199865088 - "GET /i-gree/ HTTP/1.1" 200 221
[28-12-2022 07:47:07] INFO basehttp 140282199865088 - "GET /i-gree/ HTTP/1.1" 200 221
[28-12-2022 07:47:17] INFO autoreload 140282250553152 - /home/wisdom/Desktop/tm30/EmailServiceForBank/hopeps_bank_email_backend/i_gree/views.py changed, reloading.
[28-12-2022 07:47:17] INFO autoreload 140282250553152 - /home/wisdom/Desktop/tm30/EmailServiceForBank/hopeps_bank_email_backend/i_gree/views.py changed, reloading.
[28-12-2022 07:47:18] INFO autoreload 140623226369856 - Watching for file changes with StatReloader
[28-12-2022 07:47:18] INFO autoreload 140623226369856 - Watching for file changes with StatReloader
[28-12-2022 07:47:19] INFO basehttp 140623176206080 - "GET /i-gree/ HTTP/1.1" 200 221
[28-12-2022 07:47:19] INFO basehttp 140623176206080 - "GET /i-gree/ HTTP/1.1" 200 221
[28-12-2022 07:47:19] INFO basehttp 140623176206080 - "GET /i-gree/ HTTP/1.1" 200 221
[28-12-2022 07:48:55] INFO autoreload 140623226369856 - /home/wisdom/Desktop/tm30/EmailServiceForBank/hopeps_bank_email_backend/i_gree/views.py changed, reloading.
[28-12-2022 07:48:55] INFO autoreload 140623226369856 - /home/wisdom/Desktop/tm30/EmailServiceForBank/hopeps_bank_email_backend/i_gree/views.py changed, reloading.
[28-12-2022 07:48:55] INFO autoreload 139874751067968 - Watching for file changes with StatReloader
[28-12-2022 07:48:55] INFO autoreload 139874751067968 - Watching for file changes with StatReloader
[28-12-2022 07:49:34] INFO autoreload 139874751067968 - /home/wisdom/Desktop/tm30/EmailServiceForBank/hopeps_bank_email_backend/i_gree/views.py changed, reloading.
[28-12-2022 07:49:34] INFO autoreload 139874751067968 - /home/wisdom/Desktop/tm30/EmailServiceForBank/hopeps_bank_email_backend/i_gree/views.py changed, reloading.
[28-12-2022 07:49:34] INFO autoreload 140164831573824 - Watching for file changes with StatReloader
[28-12-2022 07:49:34] INFO autoreload 140164831573824 - Watching for file changes with StatReloader
[28-12-2022 07:49:55] INFO autoreload 140164831573824 - /home/wisdom/Desktop/tm30/EmailServiceForBank/hopeps_bank_email_backend/i_gree/views.py changed, reloading.
[28-12-2022 07:49:55] INFO autoreload 140164831573824 - /home/wisdom/Desktop/tm30/EmailServiceForBank/hopeps_bank_email_backend/i_gree/views.py changed, reloading.
[28-12-2022 07:49:56] INFO autoreload 140552538208064 - Watching for file changes with StatReloader
[28-12-2022 07:49:56] INFO autoreload 140552538208064 - Watching for file changes with StatReloader
[28-12-2022 07:50:26] INFO autoreload 140552538208064 - /home/wisdom/Desktop/tm30/EmailServiceForBank/hopeps_bank_email_backend/i_gree/views.py changed, reloading.
[28-12-2022 07:50:26] INFO autoreload 140552538208064 - /home/wisdom/Desktop/tm30/EmailServiceForBank/hopeps_bank_email_backend/i_gree/views.py changed, reloading.
[28-12-2022 07:50:26] INFO autoreload 139864057079616 - Watching for file changes with StatReloader
[28-12-2022 07:50:26] INFO autoreload 139864057079616 - Watching for file changes with StatReloader
[28-12-2022 07:50:30] WARNING log 139863932270336 - Bad Request: /i-gree/
[28-12-2022 07:50:30] WARNING log 139863932270336 - Bad Request: /i-gree/
[28-12-2022 07:50:30] WARNING log 139863932270336 - Bad Request: /i-gree/
[28-12-2022 07:50:30] WARNING basehttp 139863932270336 - "GET /i-gree/ HTTP/1.1" 400 55
[28-12-2022 07:50:30] WARNING basehttp 139863932270336 - "GET /i-gree/ HTTP/1.1" 400 55
[28-12-2022 07:50:30] WARNING basehttp 139863932270336 - "GET /i-gree/ HTTP/1.1" 400 55
[28-12-2022 07:51:02] INFO autoreload 139864057079616 - /home/wisdom/Desktop/tm30/EmailServiceForBank/hopeps_bank_email_backend/i_gree/views.py changed, reloading.
[28-12-2022 07:51:02] INFO autoreload 139864057079616 - /home/wisdom/Desktop/tm30/EmailServiceForBank/hopeps_bank_email_backend/i_gree/views.py changed, reloading.
[28-12-2022 07:51:03] INFO autoreload 140427686152000 - Watching for file changes with StatReloader
[28-12-2022 07:51:03] INFO autoreload 140427686152000 - Watching for file changes with StatReloader
[28-12-2022 07:51:03] INFO basehttp 140427635988224 - "GET /i-gree/ HTTP/1.1" 200 258
[28-12-2022 07:51:03] INFO basehttp 140427635988224 - "GET /i-gree/ HTTP/1.1" 200 258
[28-12-2022 07:51:03] INFO basehttp 140427635988224 - "GET /i-gree/ HTTP/1.1" 200 258
[28-12-2022 07:55:14] INFO autoreload 140427686152000 - /home/wisdom/Desktop/tm30/EmailServiceForBank/hopeps_bank_email_backend/i_gree/views.py changed, reloading.
[28-12-2022 07:55:14] INFO autoreload 140427686152000 - /home/wisdom/Desktop/tm30/EmailServiceForBank/hopeps_bank_email_backend/i_gree/views.py changed, reloading.
[28-12-2022 07:55:15] INFO autoreload 140160050587456 - Watching for file changes with StatReloader
[28-12-2022 07:55:15] INFO autoreload 140160050587456 - Watching for file changes with StatReloader
[28-12-2022 07:56:15] INFO autoreload 140160050587456 - /home/wisdom/Desktop/tm30/EmailServiceForBank/hopeps_bank_email_backend/i_gree/views.py changed, reloading.
[28-12-2022 07:56:15] INFO autoreload 140160050587456 - /home/wisdom/Desktop/tm30/EmailServiceForBank/hopeps_bank_email_backend/i_gree/views.py changed, reloading.
[28-12-2022 07:56:16] INFO autoreload 140025662588736 - Watching for file changes with StatReloader
[28-12-2022 07:56:16] INFO autoreload 140025662588736 - Watching for file changes with StatReloader
[28-12-2022 07:57:02] INFO basehttp 140025530414848 - "GET /i-gree/ HTTP/1.1" 200 258
[28-12-2022 07:57:02] INFO basehttp 140025530414848 - "GET /i-gree/ HTTP/1.1" 200 258
[28-12-2022 07:57:02] INFO basehttp 140025530414848 - "GET /i-gree/ HTTP/1.1" 200 258
[28-12-2022 07:59:51] INFO basehttp 140025530414848 - "GET /i-gree/ HTTP/1.1" 200 258
[28-12-2022 07:59:51] INFO basehttp 140025530414848 - "GET /i-gree/ HTTP/1.1" 200 258
[28-12-2022 07:59:51] INFO basehttp 140025530414848 - "GET /i-gree/ HTTP/1.1" 200 258
[28-12-2022 20:55:31] INFO autoreload 140025662588736 - /home/wisdom/Desktop/tm30/EmailServiceForBank/hopeps_bank_email_backend/i_gree/views.py changed, reloading.
[28-12-2022 20:55:31] INFO autoreload 140025662588736 - /home/wisdom/Desktop/tm30/EmailServiceForBank/hopeps_bank_email_backend/i_gree/views.py changed, reloading.
[28-12-2022 20:55:32] INFO autoreload 140213067695936 - Watching for file changes with StatReloader
[28-12-2022 20:55:32] INFO autoreload 140213067695936 - Watching for file changes with StatReloader
[29-12-2022 15:46:35] INFO autoreload 139622910158656 - Watching for file changes with StatReloader
[29-12-2022 15:46:35] INFO autoreload 139622910158656 - Watching for file changes with StatReloader
[29-12-2022 15:52:38] INFO autoreload 140236976494400 - Watching for file changes with StatReloader
[29-12-2022 15:52:38] INFO autoreload 140236976494400 - Watching for file changes with StatReloader
[30-12-2022 07:36:48] INFO autoreload 139684868282176 - Watching for file changes with StatReloader
[30-12-2022 07:36:48] INFO autoreload 139684868282176 - Watching for file changes with StatReloader
[30-12-2022 07:37:10] INFO autoreload 139684868282176 - /home/wisdom/Desktop/tm30/EmailServiceForBank/hopeps_bank_email_backend/hopeps_bank_email_backend/settings.py changed, reloading.
[30-12-2022 07:37:10] INFO autoreload 139684868282176 - /home/wisdom/Desktop/tm30/EmailServiceForBank/hopeps_bank_email_backend/hopeps_bank_email_backend/settings.py changed, reloading.
[30-12-2022 07:37:11] INFO autoreload 139893745211200 - Watching for file changes with StatReloader
[30-12-2022 07:37:11] INFO autoreload 139893745211200 - Watching for file changes with StatReloader
[30-12-2022 07:37:24] INFO autoreload 139893745211200 - /home/wisdom/Desktop/tm30/EmailServiceForBank/hopeps_bank_email_backend/hopeps_bank_email_backend/settings.py changed, reloading.
[30-12-2022 07:37:24] INFO autoreload 139893745211200 - /home/wisdom/Desktop/tm30/EmailServiceForBank/hopeps_bank_email_backend/hopeps_bank_email_backend/settings.py changed, reloading.
[30-12-2022 07:37:25] INFO autoreload 140169213413184 - Watching for file changes with StatReloader
[30-12-2022 07:37:25] INFO autoreload 140169213413184 - Watching for file changes with StatReloader
[30-12-2022 07:37:39] INFO basehttp 140169076274944 - "GET /i-gree/ HTTP/1.1" 200 5705
[30-12-2022 07:37:39] INFO basehttp 140169076274944 - "GET /i-gree/ HTTP/1.1" 200 5705
[30-12-2022 07:37:39] INFO basehttp 140169076274944 - "GET /i-gree/ HTTP/1.1" 200 5705
[30-12-2022 07:37:39] INFO basehttp 140169076274944 - "GET /static/rest_framework/css/bootstrap.min.css HTTP/1.1" 200 121457
[30-12-2022 07:37:39] INFO basehttp 140169076274944 - "GET /static/rest_framework/css/bootstrap.min.css HTTP/1.1" 200 121457
[30-12-2022 07:37:39] INFO basehttp 140169076274944 - "GET /static/rest_framework/css/bootstrap.min.css HTTP/1.1" 200 121457
[30-12-2022 07:37:39] INFO basehttp 140169076274944 - "GET /static/rest_framework/js/ajax-form.js HTTP/1.1" 304 0
[30-12-2022 07:37:39] INFO basehttp 140169076274944 - "GET /static/rest_framework/js/ajax-form.js HTTP/1.1" 304 0
[30-12-2022 07:37:39] INFO basehttp 140169076274944 - "GET /static/rest_framework/js/ajax-form.js HTTP/1.1" 304 0
[30-12-2022 07:37:39] INFO basehttp 140169051096832 - "GET /static/rest_framework/css/bootstrap-tweaks.css HTTP/1.1" 304 0
[30-12-2022 07:37:39] INFO basehttp 140169051096832 - "GET /static/rest_framework/css/bootstrap-tweaks.css HTTP/1.1" 304 0
[30-12-2022 07:37:39] INFO basehttp 140169051096832 - "GET /static/rest_framework/css/bootstrap-tweaks.css HTTP/1.1" 304 0
[30-12-2022 07:37:39] INFO basehttp 140169059489536 - "GET /static/rest_framework/js/bootstrap.min.js HTTP/1.1" 200 39680
[30-12-2022 07:37:39] INFO basehttp 140169059489536 - "GET /static/rest_framework/js/bootstrap.min.js HTTP/1.1" 200 39680
[30-12-2022 07:37:39] INFO basehttp 140169059489536 - "GET /static/rest_framework/js/bootstrap.min.js HTTP/1.1" 200 39680
[30-12-2022 07:37:39] INFO basehttp 140169067882240 - "GET /static/rest_framework/js/jquery-3.5.1.min.js HTTP/1.1" 200 89476
[30-12-2022 07:37:39] INFO basehttp 140169067882240 - "GET /static/rest_framework/js/jquery-3.5.1.min.js HTTP/1.1" 200 89476
[30-12-2022 07:37:39] INFO basehttp 140169067882240 - "GET /static/rest_framework/js/jquery-3.5.1.min.js HTTP/1.1" 200 89476
[30-12-2022 07:37:39] INFO basehttp 140169042704128 - "GET /static/rest_framework/css/prettify.css HTTP/1.1" 304 0
[30-12-2022 07:37:39] INFO basehttp 140169042704128 - "GET /static/rest_framework/css/prettify.css HTTP/1.1" 304 0
[30-12-2022 07:37:39] INFO basehttp 140169042704128 - "GET /static/rest_framework/css/prettify.css HTTP/1.1" 304 0
[30-12-2022 07:37:39] INFO basehttp 140169034311424 - "GET /static/rest_framework/css/default.css HTTP/1.1" 304 0
[30-12-2022 07:37:39] INFO basehttp 140169034311424 - "GET /static/rest_framework/css/default.css HTTP/1.1" 304 0
[30-12-2022 07:37:39] INFO basehttp 140169034311424 - "GET /static/rest_framework/css/default.css HTTP/1.1" 304 0
[30-12-2022 07:37:39] INFO basehttp 140169051096832 - "GET /static/rest_framework/js/csrf.js HTTP/1.1" 304 0
[30-12-2022 07:37:39] INFO basehttp 140169051096832 - "GET /static/rest_framework/js/csrf.js HTTP/1.1" 304 0
[30-12-2022 07:37:39] INFO basehttp 140169051096832 - "GET /static/rest_framework/js/csrf.js HTTP/1.1" 304 0
[30-12-2022 07:37:39] INFO basehttp 140169042704128 - "GET /static/rest_framework/js/prettify-min.js HTTP/1.1" 304 0
[30-12-2022 07:37:39] INFO basehttp 140169042704128 - "GET /static/rest_framework/js/prettify-min.js HTTP/1.1" 304 0
[30-12-2022 07:37:39] INFO basehttp 140169042704128 - "GET /static/rest_framework/js/prettify-min.js HTTP/1.1" 304 0
[30-12-2022 07:37:39] INFO basehttp 140169034311424 - "GET /static/rest_framework/js/default.js HTTP/1.1" 304 0
[30-12-2022 07:37:39] INFO basehttp 140169034311424 - "GET /static/rest_framework/js/default.js HTTP/1.1" 304 0
[30-12-2022 07:37:39] INFO basehttp 140169034311424 - "GET /static/rest_framework/js/default.js HTTP/1.1" 304 0
[30-12-2022 07:37:39] INFO basehttp 140169051096832 - "GET /static/rest_framework/img/grid.png HTTP/1.1" 304 0
[30-12-2022 07:37:39] INFO basehttp 140169051096832 - "GET /static/rest_framework/img/grid.png HTTP/1.1" 304 0
[30-12-2022 07:37:39] INFO basehttp 140169051096832 - "GET /static/rest_framework/img/grid.png HTTP/1.1" 304 0
[30-12-2022 07:37:39] WARNING log 140169051096832 - Not Found: /favicon.ico
[30-12-2022 07:37:39] WARNING log 140169051096832 - Not Found: /favicon.ico
[30-12-2022 07:37:39] WARNING log 140169051096832 - Not Found: /favicon.ico
[30-12-2022 07:37:39] WARNING basehttp 140169051096832 - "GET /favicon.ico HTTP/1.1" 404 2344
[30-12-2022 07:37:39] WARNING basehttp 140169051096832 - "GET /favicon.ico HTTP/1.1" 404 2344
[30-12-2022 07:37:39] WARNING basehttp 140169051096832 - "GET /favicon.ico HTTP/1.1" 404 2344
[30-12-2022 07:38:04] INFO autoreload 140169213413184 - /home/wisdom/Desktop/tm30/EmailServiceForBank/hopeps_bank_email_backend/i_gree/views.py changed, reloading.
[30-12-2022 07:38:04] INFO autoreload 140169213413184 - /home/wisdom/Desktop/tm30/EmailServiceForBank/hopeps_bank_email_backend/i_gree/views.py changed, reloading.
[30-12-2022 07:38:04] INFO autoreload 139900597872448 - Watching for file changes with StatReloader
[30-12-2022 07:38:04] INFO autoreload 139900597872448 - Watching for file changes with StatReloader
[30-12-2022 07:38:05] INFO basehttp 139900535297792 - "GET /i-gree/ HTTP/1.1" 200 5668
[30-12-2022 07:38:05] INFO basehttp 139900535297792 - "GET /i-gree/ HTTP/1.1" 200 5668
[30-12-2022 07:38:05] INFO basehttp 139900535297792 - "GET /i-gree/ HTTP/1.1" 200 5668
[30-12-2022 07:42:16] INFO autoreload 139900597872448 - /home/wisdom/Desktop/tm30/EmailServiceForBank/hopeps_bank_email_backend/i_gree/views.py changed, reloading.
[30-12-2022 07:42:16] INFO autoreload 139900597872448 - /home/wisdom/Desktop/tm30/EmailServiceForBank/hopeps_bank_email_backend/i_gree/views.py changed, reloading.
[30-12-2022 07:42:16] INFO autoreload 140471479363392 - Watching for file changes with StatReloader
[30-12-2022 07:42:16] INFO autoreload 140471479363392 - Watching for file changes with StatReloader
[30-12-2022 07:43:01] INFO autoreload 140471479363392 - /home/wisdom/Desktop/tm30/EmailServiceForBank/hopeps_bank_email_backend/i_gree/views.py changed, reloading.
[30-12-2022 07:43:01] INFO autoreload 140471479363392 - /home/wisdom/Desktop/tm30/EmailServiceForBank/hopeps_bank_email_backend/i_gree/views.py changed, reloading.
[30-12-2022 07:43:01] INFO autoreload 140647450908480 - Watching for file changes with StatReloader
[30-12-2022 07:43:01] INFO autoreload 140647450908480 - Watching for file changes with StatReloader
[30-12-2022 07:43:07] INFO basehttp 140647387809536 - "GET /i-gree/ HTTP/1.1" 200 5702
[30-12-2022 07:43:07] INFO basehttp 140647387809536 - "GET /i-gree/ HTTP/1.1" 200 5702
[30-12-2022 07:43:07] INFO basehttp 140647387809536 - "GET /i-gree/ HTTP/1.1" 200 5702
[30-12-2022 07:43:57] INFO basehttp 140647387809536 - "GET /i-gree/ HTTP/1.1" 200 5702
[30-12-2022 07:43:57] INFO basehttp 140647387809536 - "GET /i-gree/ HTTP/1.1" 200 5702
[30-12-2022 07:43:57] INFO basehttp 140647387809536 - "GET /i-gree/ HTTP/1.1" 200 5702
[30-12-2022 07:44:05] INFO autoreload 140647450908480 - /home/wisdom/Desktop/tm30/EmailServiceForBank/hopeps_bank_email_backend/i_gree/views.py changed, reloading.
[30-12-2022 07:44:05] INFO autoreload 140647450908480 - /home/wisdom/Desktop/tm30/EmailServiceForBank/hopeps_bank_email_backend/i_gree/views.py changed, reloading.
[30-12-2022 07:44:05] INFO autoreload 140001216395072 - Watching for file changes with StatReloader
[30-12-2022 07:44:05] INFO autoreload 140001216395072 - Watching for file changes with StatReloader
[30-12-2022 07:44:06] INFO basehttp 140001086711552 - "GET /i-gree/ HTTP/1.1" 200 5722
[30-12-2022 07:44:06] INFO basehttp 140001086711552 - "GET /i-gree/ HTTP/1.1" 200 5722
[30-12-2022 07:44:06] INFO basehttp 140001086711552 - "GET /i-gree/ HTTP/1.1" 200 5722
[30-12-2022 07:44:07] INFO basehttp 140001086711552 - "GET /i-gree/ HTTP/1.1" 200 5722
[30-12-2022 07:44:07] INFO basehttp 140001086711552 - "GET /i-gree/ HTTP/1.1" 200 5722
[30-12-2022 07:44:07] INFO basehttp 140001086711552 - "GET /i-gree/ HTTP/1.1" 200 5722
[30-12-2022 07:44:51] INFO autoreload 140001216395072 - /home/wisdom/Desktop/tm30/EmailServiceForBank/hopeps_bank_email_backend/i_gree/views.py changed, reloading.
[30-12-2022 07:44:51] INFO autoreload 140001216395072 - /home/wisdom/Desktop/tm30/EmailServiceForBank/hopeps_bank_email_backend/i_gree/views.py changed, reloading.
[30-12-2022 07:44:51] INFO autoreload 139709611460416 - Watching for file changes with StatReloader
[30-12-2022 07:44:51] INFO autoreload 139709611460416 - Watching for file changes with StatReloader
